2025-03-08 04:56:39 - __main__ - INFO - Starting churn prediction pipeline
2025-03-08 04:56:39 - __main__ - INFO - Generating EDA visualizations
2025-03-08 04:56:53 - __main__ - INFO - Training lr model
2025-03-08 04:56:53 - __main__ - INFO - Segment Two year: accuracy=0.9761, f1=0.0000, churn_rate=0.0239, count=503
2025-03-08 04:56:54 - __main__ - INFO - Segment One year: accuracy=0.8428, f1=0.2737, churn_rate=0.1207, count=439
2025-03-08 04:56:54 - __main__ - INFO - lr model results: accuracy=0.7444, f1_score=0.6234
2025-03-08 04:56:54 - __main__ - INFO - Training dt model
2025-03-08 04:56:54 - __main__ - INFO - Segment Two year: accuracy=0.9324, f1=0.0556, churn_rate=0.0239, count=503
2025-03-08 04:56:54 - __main__ - INFO - Segment One year: accuracy=0.7699, f1=0.2047, churn_rate=0.1207, count=439
2025-03-08 04:56:54 - __main__ - INFO - dt model results: accuracy=0.7156, f1_score=0.5936
2025-03-08 04:56:54 - __main__ - INFO - Training rf model
2025-03-08 04:56:54 - __main__ - INFO - Segment Two year: accuracy=0.9761, f1=0.0000, churn_rate=0.0239, count=503
2025-03-08 04:56:54 - __main__ - INFO - Segment One year: accuracy=0.8610, f1=0.1644, churn_rate=0.1207, count=439
2025-03-08 04:56:54 - __main__ - INFO - rf model results: accuracy=0.7388, f1_score=0.6219
2025-03-08 04:56:54 - __main__ - INFO - Training ensemble model
2025-03-08 04:56:57 - __main__ - INFO - Segment Two year: accuracy=0.9761, f1=0.0000, churn_rate=0.0239, count=503
2025-03-08 04:56:57 - __main__ - INFO - Segment One year: accuracy=0.8497, f1=0.2326, churn_rate=0.1207, count=439
2025-03-08 04:56:57 - __main__ - INFO - ensemble model results: accuracy=0.7392, f1_score=0.6208
2025-03-08 04:56:57 - __main__ - INFO - Saving test set predictions to CSV
2025-03-08 04:56:57 - __main__ - INFO - Test predictions saved to results\test_predictions_20250308_045657.csv
2025-03-08 04:56:57 - __main__ - INFO - Test predictions saved to results\test_predictions_20250308_045657.csv
2025-03-08 04:56:57 - __main__ - INFO - Generating advanced model visualizations
2025-03-08 04:56:58 - __main__ - INFO - Performing 5-fold cross-validation
2025-03-08 04:56:59 - __main__ - ERROR - Error during cross-validation: 
2025-03-08 04:56:59 - __main__ - INFO - Performing threshold analysis
2025-03-08 04:56:59 - __main__ - INFO - Analyzing thresholds for lr model
2025-03-08 04:57:01 - __main__ - INFO - lr optimal threshold for f1: 0.5400 (score: 0.6304)
2025-03-08 04:57:01 - __main__ - INFO - lr optimal threshold for precision: 0.9300 (score: 1.0000)
2025-03-08 04:57:01 - __main__ - INFO - lr optimal threshold for recall: 0.0100 (score: 1.0000)
2025-03-08 04:57:01 - __main__ - INFO - lr optimal threshold for balanced_accuracy: 0.5200 (score: 0.7647)
2025-03-08 04:57:01 - __main__ - INFO - Analyzing thresholds for dt model
2025-03-08 04:57:03 - __main__ - INFO - dt optimal threshold for f1: 0.6000 (score: 0.6133)
2025-03-08 04:57:03 - __main__ - INFO - dt optimal threshold for precision: 0.8400 (score: 0.8788)
2025-03-08 04:57:03 - __main__ - INFO - dt optimal threshold for recall: 0.0100 (score: 0.9929)
2025-03-08 04:57:03 - __main__ - INFO - dt optimal threshold for balanced_accuracy: 0.5200 (score: 0.7450)
2025-03-08 04:57:03 - __main__ - INFO - Analyzing thresholds for rf model
2025-03-08 04:57:05 - __main__ - INFO - rf optimal threshold for f1: 0.6200 (score: 0.6292)
2025-03-08 04:57:05 - __main__ - INFO - rf optimal threshold for precision: 0.8500 (score: 0.9286)
2025-03-08 04:57:05 - __main__ - INFO - rf optimal threshold for recall: 0.0100 (score: 1.0000)
2025-03-08 04:57:05 - __main__ - INFO - rf optimal threshold for balanced_accuracy: 0.4900 (score: 0.7637)
2025-03-08 04:57:08 - __main__ - INFO - Saving test set predictions to CSV
2025-03-08 04:57:08 - __main__ - INFO - Test predictions saved to results\test_predictions_20250308_045708.csv
2025-03-08 04:57:08 - __main__ - INFO - Optimal threshold predictions saved to results\test_predictions_20250308_045708.csv
2025-03-08 04:57:08 - __main__ - INFO - Pipeline execution completed in 28.75 seconds
