2025-03-08 04:10:51 - src.visualization.eda_visualizer - INFO - Generating EDA visualizations
2025-03-08 04:10:51 - src.visualization.eda_visualizer - INFO - Plotting distribution of Churn
2025-03-08 04:10:53 - src.visualization.eda_visualizer - INFO - Saved plot to D:\Projects\Customer-Churn\visualizations\eda\target_distribution.png
2025-03-08 04:10:53 - src.visualization.eda_visualizer - INFO - Plotting relationship between categorical features and Churn
2025-03-08 04:10:53 - src.visualization.eda_visualizer - INFO - Plotting gender vs Churn
2025-03-08 04:10:54 - src.visualization.eda_visualizer - INFO - Saved plot to D:\Projects\Customer-Churn\visualizations\eda\categorical\gender_vs_Churn.png
2025-03-08 04:10:54 - src.visualization.eda_visualizer - INFO - Plotting SeniorCitizen vs Churn
2025-03-08 04:10:55 - src.visualization.eda_visualizer - INFO - Saved plot to D:\Projects\Customer-Churn\visualizations\eda\categorical\SeniorCitizen_vs_Churn.png
2025-03-08 04:10:55 - src.visualization.eda_visualizer - INFO - Plotting Partner vs Churn
2025-03-08 04:10:55 - src.visualization.eda_visualizer - INFO - Saved plot to D:\Projects\Customer-Churn\visualizations\eda\categorical\Partner_vs_Churn.png
2025-03-08 04:10:55 - src.visualization.eda_visualizer - INFO - Plotting Dependents vs Churn
2025-03-08 04:10:56 - src.visualization.eda_visualizer - INFO - Saved plot to D:\Projects\Customer-Churn\visualizations\eda\categorical\Dependents_vs_Churn.png
2025-03-08 04:10:56 - src.visualization.eda_visualizer - INFO - Plotting PhoneService vs Churn
2025-03-08 04:10:57 - src.visualization.eda_visualizer - INFO - Saved plot to D:\Projects\Customer-Churn\visualizations\eda\categorical\PhoneService_vs_Churn.png
2025-03-08 04:10:57 - src.visualization.eda_visualizer - INFO - Plotting MultipleLines vs Churn
2025-03-08 04:10:57 - src.visualization.eda_visualizer - INFO - Saved plot to D:\Projects\Customer-Churn\visualizations\eda\categorical\MultipleLines_vs_Churn.png
2025-03-08 04:10:57 - src.visualization.eda_visualizer - INFO - Plotting InternetService vs Churn
2025-03-08 04:10:58 - src.visualization.eda_visualizer - INFO - Saved plot to D:\Projects\Customer-Churn\visualizations\eda\categorical\InternetService_vs_Churn.png
2025-03-08 04:10:58 - src.visualization.eda_visualizer - INFO - Plotting OnlineSecurity vs Churn
2025-03-08 04:10:58 - src.visualization.eda_visualizer - INFO - Saved plot to D:\Projects\Customer-Churn\visualizations\eda\categorical\OnlineSecurity_vs_Churn.png
2025-03-08 04:10:58 - src.visualization.eda_visualizer - INFO - Plotting OnlineBackup vs Churn
2025-03-08 04:10:59 - src.visualization.eda_visualizer - INFO - Saved plot to D:\Projects\Customer-Churn\visualizations\eda\categorical\OnlineBackup_vs_Churn.png
2025-03-08 04:10:59 - src.visualization.eda_visualizer - INFO - Plotting DeviceProtection vs Churn
2025-03-08 04:10:59 - src.visualization.eda_visualizer - INFO - Saved plot to D:\Projects\Customer-Churn\visualizations\eda\categorical\DeviceProtection_vs_Churn.png
2025-03-08 04:10:59 - src.visualization.eda_visualizer - INFO - Plotting TechSupport vs Churn
2025-03-08 04:11:00 - src.visualization.eda_visualizer - INFO - Saved plot to D:\Projects\Customer-Churn\visualizations\eda\categorical\TechSupport_vs_Churn.png
2025-03-08 04:11:00 - src.visualization.eda_visualizer - INFO - Plotting StreamingTV vs Churn
2025-03-08 04:11:01 - src.visualization.eda_visualizer - INFO - Saved plot to D:\Projects\Customer-Churn\visualizations\eda\categorical\StreamingTV_vs_Churn.png
2025-03-08 04:11:01 - src.visualization.eda_visualizer - INFO - Plotting StreamingMovies vs Churn
2025-03-08 04:11:02 - src.visualization.eda_visualizer - INFO - Saved plot to D:\Projects\Customer-Churn\visualizations\eda\categorical\StreamingMovies_vs_Churn.png
2025-03-08 04:11:02 - src.visualization.eda_visualizer - INFO - Plotting Contract vs Churn
2025-03-08 04:11:03 - src.visualization.eda_visualizer - INFO - Saved plot to D:\Projects\Customer-Churn\visualizations\eda\categorical\Contract_vs_Churn.png
2025-03-08 04:11:03 - src.visualization.eda_visualizer - INFO - Plotting PaperlessBilling vs Churn
2025-03-08 04:11:04 - src.visualization.eda_visualizer - INFO - Saved plot to D:\Projects\Customer-Churn\visualizations\eda\categorical\PaperlessBilling_vs_Churn.png
2025-03-08 04:11:04 - src.visualization.eda_visualizer - INFO - Plotting PaymentMethod vs Churn
2025-03-08 04:11:06 - src.visualization.eda_visualizer - INFO - Saved plot to D:\Projects\Customer-Churn\visualizations\eda\categorical\PaymentMethod_vs_Churn.png
2025-03-08 04:11:06 - src.visualization.eda_visualizer - INFO - Plotting relationship between numerical features and Churn
2025-03-08 04:11:06 - src.visualization.eda_visualizer - INFO - Plotting tenure vs Churn
2025-03-08 04:11:07 - src.visualization.eda_visualizer - INFO - Saved plot to D:\Projects\Customer-Churn\visualizations\eda\numerical\tenure_vs_Churn.png
2025-03-08 04:11:07 - src.visualization.eda_visualizer - INFO - Plotting MonthlyCharges vs Churn
2025-03-08 04:11:08 - src.visualization.eda_visualizer - INFO - Saved plot to D:\Projects\Customer-Churn\visualizations\eda\numerical\MonthlyCharges_vs_Churn.png
2025-03-08 04:11:08 - src.visualization.eda_visualizer - INFO - Plotting TotalCharges vs Churn
2025-03-08 04:11:09 - src.visualization.eda_visualizer - INFO - Saved plot to D:\Projects\Customer-Churn\visualizations\eda\numerical\TotalCharges_vs_Churn.png
2025-03-08 04:11:09 - src.visualization.eda_visualizer - INFO - Plotting correlation matrix
2025-03-08 04:11:10 - src.visualization.eda_visualizer - INFO - Saved plot to D:\Projects\Customer-Churn\visualizations\eda\correlation_matrix.png
2025-03-08 04:11:10 - src.visualization.eda_visualizer - INFO - Plotting tenure distribution by Churn
2025-03-08 04:11:11 - src.visualization.eda_visualizer - INFO - Saved plot to D:\Projects\Customer-Churn\visualizations\eda\tenure_distribution.png
2025-03-08 04:11:11 - src.visualization.eda_visualizer - INFO - Plotting Churn rate by service subscription
2025-03-08 04:11:12 - src.visualization.eda_visualizer - INFO - Saved plot to D:\Projects\Customer-Churn\visualizations\eda\service_distribution.png
2025-03-08 04:11:13 - src.visualization.eda_visualizer - INFO - Generated 23 EDA visualizations
