2025-03-08 04:22:45 - src.visualization.model_visualizer - INFO - Generating model visualizations
2025-03-08 04:22:45 - src.visualization.model_visualizer - INFO - Plotting model comparison
2025-03-08 04:22:45 - src.visualization.model_visualizer - WARNING - Metrics for model accuracy is not a dictionary, skipping
2025-03-08 04:22:45 - src.visualization.model_visualizer - WARNING - Metrics for model precision is not a dictionary, skipping
2025-03-08 04:22:45 - src.visualization.model_visualizer - WARNING - Metrics for model recall is not a dictionary, skipping
2025-03-08 04:22:45 - src.visualization.model_visualizer - WARNING - Metrics for model f1 is not a dictionary, skipping
2025-03-08 04:22:45 - src.visualization.model_visualizer - WARNING - Metrics for model true_negatives is not a dictionary, skipping
2025-03-08 04:22:45 - src.visualization.model_visualizer - WARNING - Metrics for model false_positives is not a dictionary, skipping
2025-03-08 04:22:45 - src.visualization.model_visualizer - WARNING - Metrics for model false_negatives is not a dictionary, skipping
2025-03-08 04:22:45 - src.visualization.model_visualizer - WARNING - Metrics for model true_positives is not a dictionary, skipping
2025-03-08 04:22:45 - src.visualization.model_visualizer - WARNING - Metrics for model specificity is not a dictionary, skipping
2025-03-08 04:22:45 - src.visualization.model_visualizer - WARNING - Metrics for model sensitivity is not a dictionary, skipping
2025-03-08 04:22:45 - src.visualization.model_visualizer - WARNING - Metrics for model balanced_accuracy is not a dictionary, skipping
2025-03-08 04:22:45 - src.visualization.model_visualizer - WARNING - Metrics for model churn_rate is not a dictionary, skipping
2025-03-08 04:22:45 - src.visualization.model_visualizer - WARNING - Metrics for model count is not a dictionary, skipping
2025-03-08 04:22:46 - src.visualization.model_visualizer - INFO - Saved model comparison plot to D:\Projects\Customer-Churn\visualizations\models\model_comparison.png
2025-03-08 04:22:46 - src.visualization.model_visualizer - INFO - Generating visualizations for lr model
2025-03-08 04:22:46 - src.visualization.model_visualizer - INFO - Plotting ROC curve
2025-03-08 04:22:47 - src.visualization.model_visualizer - INFO - Saved ROC curve plot to D:\Projects\Customer-Churn\visualizations\models\lr\roc_curve.png
2025-03-08 04:22:47 - src.visualization.model_visualizer - INFO - Plotting precision-recall curve
2025-03-08 04:22:47 - src.visualization.model_visualizer - INFO - Saved precision-recall curve plot to D:\Projects\Customer-Churn\visualizations\models\lr\pr_curve.png
2025-03-08 04:22:47 - src.visualization.model_visualizer - INFO - Plotting confusion matrix
2025-03-08 04:22:47 - src.visualization.model_visualizer - INFO - Saved confusion matrix plot to D:\Projects\Customer-Churn\visualizations\models\lr\confusion_matrix.png
2025-03-08 04:22:47 - src.visualization.model_visualizer - INFO - Plotting top 20 feature importance
2025-03-08 04:22:48 - src.visualization.model_visualizer - INFO - Saved feature importance plot to D:\Projects\Customer-Churn\visualizations\models\lr\feature_importance.png
2025-03-08 04:22:48 - src.visualization.model_visualizer - WARNING - Could not generate segment performance plot for lr: name 'plot_segment_performance' is not defined
2025-03-08 04:22:48 - src.visualization.model_visualizer - INFO - Generating visualizations for dt model
2025-03-08 04:22:48 - src.visualization.model_visualizer - INFO - Plotting ROC curve
2025-03-08 04:22:49 - src.visualization.model_visualizer - INFO - Saved ROC curve plot to D:\Projects\Customer-Churn\visualizations\models\dt\roc_curve.png
2025-03-08 04:22:49 - src.visualization.model_visualizer - INFO - Plotting precision-recall curve
2025-03-08 04:22:49 - src.visualization.model_visualizer - INFO - Saved precision-recall curve plot to D:\Projects\Customer-Churn\visualizations\models\dt\pr_curve.png
2025-03-08 04:22:49 - src.visualization.model_visualizer - INFO - Plotting confusion matrix
2025-03-08 04:22:50 - src.visualization.model_visualizer - INFO - Saved confusion matrix plot to D:\Projects\Customer-Churn\visualizations\models\dt\confusion_matrix.png
2025-03-08 04:22:50 - src.visualization.model_visualizer - INFO - Plotting top 20 feature importance
2025-03-08 04:22:50 - src.visualization.model_visualizer - INFO - Saved feature importance plot to D:\Projects\Customer-Churn\visualizations\models\dt\feature_importance.png
2025-03-08 04:22:50 - src.visualization.model_visualizer - INFO - Plotting decision tree visualization (max_depth=3)
2025-03-08 04:22:52 - src.visualization.model_visualizer - INFO - Saved decision tree plot to D:\Projects\Customer-Churn\visualizations\models\dt\decision_tree.png
2025-03-08 04:22:52 - src.visualization.model_visualizer - WARNING - Could not generate segment performance plot for dt: name 'plot_segment_performance' is not defined
2025-03-08 04:22:52 - src.visualization.model_visualizer - INFO - Generating visualizations for rf model
2025-03-08 04:22:52 - src.visualization.model_visualizer - INFO - Plotting ROC curve
2025-03-08 04:22:52 - src.visualization.model_visualizer - INFO - Saved ROC curve plot to D:\Projects\Customer-Churn\visualizations\models\rf\roc_curve.png
2025-03-08 04:22:52 - src.visualization.model_visualizer - INFO - Plotting precision-recall curve
2025-03-08 04:22:53 - src.visualization.model_visualizer - INFO - Saved precision-recall curve plot to D:\Projects\Customer-Churn\visualizations\models\rf\pr_curve.png
2025-03-08 04:22:53 - src.visualization.model_visualizer - INFO - Plotting confusion matrix
2025-03-08 04:22:53 - src.visualization.model_visualizer - INFO - Saved confusion matrix plot to D:\Projects\Customer-Churn\visualizations\models\rf\confusion_matrix.png
2025-03-08 04:22:53 - src.visualization.model_visualizer - INFO - Plotting top 20 feature importance
2025-03-08 04:22:54 - src.visualization.model_visualizer - INFO - Saved feature importance plot to D:\Projects\Customer-Churn\visualizations\models\rf\feature_importance.png
2025-03-08 04:22:54 - src.visualization.model_visualizer - WARNING - Could not generate segment performance plot for rf: name 'plot_segment_performance' is not defined
2025-03-08 04:22:54 - src.visualization.model_visualizer - INFO - Generating visualizations for ensemble model
2025-03-08 04:22:54 - src.visualization.model_visualizer - INFO - Plotting confusion matrix
2025-03-08 04:22:54 - src.visualization.model_visualizer - INFO - Saved confusion matrix plot to D:\Projects\Customer-Churn\visualizations\models\ensemble\confusion_matrix.png
2025-03-08 04:22:54 - src.visualization.model_visualizer - INFO - Plotting top 20 feature importance
2025-03-08 04:22:55 - src.visualization.model_visualizer - INFO - Saved feature importance plot to D:\Projects\Customer-Churn\visualizations\models\ensemble\feature_importance.png
2025-03-08 04:22:55 - src.visualization.model_visualizer - WARNING - Could not generate segment performance plot for ensemble: name 'plot_segment_performance' is not defined
2025-03-08 04:22:55 - src.visualization.model_visualizer - INFO - Generated 16 model visualizations
